checking build system type... armv6l-unknown-linux-gnu
checking host system type... armv6l-unknown-linux-gnu
checking target system type... armv6l-unknown-linux-gnu
checking for a BSD-compatible install... /usr/bin/install -c
checking whether build environment is sane... yes
checking for a thread-safe mkdir -p... /bin/mkdir -p
checking for gawk... no
checking for mawk... mawk
checking whether make sets $(MAKE)... yes
checking for gcc... gcc
checking whether the C compiler works... yes
checking for C compiler default output file name... a.out
checking for suffix of executables... 
checking whether we are cross compiling... no
checking for suffix of object files... o
checking whether we are using the GNU C compiler... yes
checking whether gcc accepts -g... yes
checking for gcc option to accept ISO C89... none needed
checking for style of include used by make... GNU
checking dependency style of gcc... gcc3
checking for bison... bison -y
checking for flex... flex
checking lex output file root... lex.yy
checking lex library... -lfl
checking whether yytext is a pointer... yes
checking for ranlib... ranlib
checking whether gcc and cc understand -c and -o together... yes
checking for tputs in -ltermcap... no
checking for tputs in -lncurses... no
checking for readline in -lreadline... no
checking for library containing gethostent... none required
checking for library containing setsockopt... none required
checking for usb_get_string_simple in -lusb... no
checking for libusb_init in -lusb-1.0... no
checking for libusb_init in -lusb... no
checking for ftdi_usb_get_strings in -lftdi... no
checking limits.h usability... yes
checking limits.h presence... no
configure: WARNING: limits.h: accepted by the compiler, rejected by the preprocessor!
configure: WARNING: limits.h: proceeding with the compiler's result
checking for limits.h... yes
checking stdlib.h usability... yes
checking stdlib.h presence... no
configure: WARNING: stdlib.h: accepted by the compiler, rejected by the preprocessor!
configure: WARNING: stdlib.h: proceeding with the compiler's result
checking for stdlib.h... yes
checking string.h usability... yes
checking string.h presence... no
configure: WARNING: string.h: accepted by the compiler, rejected by the preprocessor!
configure: WARNING: string.h: proceeding with the compiler's result
checking for string.h... yes
checking fcntl.h usability... yes
checking fcntl.h presence... no
configure: WARNING: fcntl.h: accepted by the compiler, rejected by the preprocessor!
configure: WARNING: fcntl.h: proceeding with the compiler's result
checking for fcntl.h... yes
checking sys/ioctl.h usability... yes
checking sys/ioctl.h presence... no
configure: WARNING: sys/ioctl.h: accepted by the compiler, rejected by the preprocessor!
configure: WARNING: sys/ioctl.h: proceeding with the compiler's result
checking for sys/ioctl.h... yes
checking sys/time.h usability... yes
checking sys/time.h presence... no
configure: WARNING: sys/time.h: accepted by the compiler, rejected by the preprocessor!
configure: WARNING: sys/time.h: proceeding with the compiler's result
checking for sys/time.h... yes
checking termios.h usability... yes
checking termios.h presence... no
configure: WARNING: termios.h: accepted by the compiler, rejected by the preprocessor!
configure: WARNING: termios.h: proceeding with the compiler's result
checking for termios.h... yes
checking unistd.h usability... yes
checking unistd.h presence... no
configure: WARNING: unistd.h: accepted by the compiler, rejected by the preprocessor!
configure: WARNING: unistd.h: proceeding with the compiler's result
checking for unistd.h... yes
checking for ddk/hidsdi.h... no
checking for an ANSI C-conforming const... yes
checking whether time.h and sys/time.h may both be included... yes
checking for memset... yes
checking for select... yes
checking for strcasecmp... yes
checking for strdup... yes
checking for strerror... yes
checking for strncasecmp... yes
checking for strtol... yes
checking for strtoul... yes
checking for gettimeofday... yes
checking for usleep... yes
checking for a Win32 HID libray... no
checking for uint_t... no
checking for ulong_t... no
checking for parallel device... configure: parallel port access disabled for this system
checking for serial device... /dev/ttyS0
checking if gcc accepts -Wno-pointer-sign ... yes
configure: creating ./config.status
config.status: creating doc/Makefile
config.status: creating windows/Makefile
config.status: creating avrdude.spec
config.status: creating Makefile
config.status: creating avrdude.conf.tmp
config.status: creating ac_cfg.h
config.status: ac_cfg.h is unchanged
config.status: executing depfiles commands
